<?xml version="1.0" encoding="UTF-8"?>
<!-- Generated by org.testng.reporters.JUnitReportReporter -->
<testsuite hostname="DESKTOP-BJINFAG" failures="0" tests="1" name="allBasic.Exam" time="0.050" errors="0" timestamp="10 May 2020 02:34:24 GMT" skipped="0">
  <testcase classname="allBasic.Exam" name="ex" time="0.050"/>
 <testcase classname="allBasic.Exam" name="xx" time="0.050"/>
</testsuite> <!-- allBasic.Exam -->
